[debug] [2024-04-25T03:19:49.414Z] ----------------------------------------------------------------------
[debug] [2024-04-25T03:19:49.417Z] Command:       C:\Program Files\nodejs\node.exe C:\Program Files\nodejs\node_modules\firebase-tools\lib\bin\firebase.js deploy
[debug] [2024-04-25T03:19:49.417Z] CLI Version:   13.7.4
[debug] [2024-04-25T03:19:49.418Z] Platform:      win32
[debug] [2024-04-25T03:19:49.418Z] Node Version:  v20.11.1
[debug] [2024-04-25T03:19:49.418Z] Time:          Wed Apr 24 2024 21:19:49 GMT-0600 (Central Standard Time)
[debug] [2024-04-25T03:19:49.418Z] ----------------------------------------------------------------------
[debug] 
[debug] [2024-04-25T03:19:49.506Z] > command requires scopes: ["email","openid","https://www.googleapis.com/auth/cloudplatformprojects.readonly","https://www.googleapis.com/auth/firebase","https://www.googleapis.com/auth/cloud-platform"]
[debug] [2024-04-25T03:19:49.507Z] > authorizing via signed-in user (omar.fi.wwr@gmail.com)
[debug] [2024-04-25T03:19:49.507Z] [iam] checking project app-didactic-evaluations for permissions ["firebase.projects.get","firebasehosting.sites.update"]
[debug] [2024-04-25T03:19:49.510Z] > refreshing access token with scopes: []
[debug] [2024-04-25T03:19:49.513Z] >>> [apiv2][query] POST https://www.googleapis.com/oauth2/v3/token [none]
[debug] [2024-04-25T03:19:49.513Z] >>> [apiv2][body] POST https://www.googleapis.com/oauth2/v3/token [omitted]
[debug] [2024-04-25T03:19:49.724Z] <<< [apiv2][status] POST https://www.googleapis.com/oauth2/v3/token 400
[debug] [2024-04-25T03:19:49.725Z] <<< [apiv2][body] POST https://www.googleapis.com/oauth2/v3/token [omitted]
[debug] [2024-04-25T03:19:49.725Z] >>> [apiv2][query] POST https://cloudresourcemanager.googleapis.com/v1/projects/app-didactic-evaluations:testIamPermissions [none]
[debug] [2024-04-25T03:19:49.725Z] >>> [apiv2][(partial)header] POST https://cloudresourcemanager.googleapis.com/v1/projects/app-didactic-evaluations:testIamPermissions x-goog-quota-user=projects/app-didactic-evaluations
[debug] [2024-04-25T03:19:49.725Z] >>> [apiv2][body] POST https://cloudresourcemanager.googleapis.com/v1/projects/app-didactic-evaluations:testIamPermissions {"permissions":["firebase.projects.get","firebasehosting.sites.update"]}
[debug] [2024-04-25T03:19:49.982Z] <<< [apiv2][status] POST https://cloudresourcemanager.googleapis.com/v1/projects/app-didactic-evaluations:testIamPermissions 401
[debug] [2024-04-25T03:19:49.983Z] <<< [apiv2][body] POST https://cloudresourcemanager.googleapis.com/v1/projects/app-didactic-evaluations:testIamPermissions {"error":{"code":401,"message":"Request had invalid authentication credentials. Expected OAuth 2 access token, login cookie or other valid authentication credential. See https://developers.google.com/identity/sign-in/web/devconsole-project.","status":"UNAUTHENTICATED","details":[{"@type":"type.googleapis.com/google.rpc.ErrorInfo","reason":"ACCESS_TOKEN_TYPE_UNSUPPORTED","metadata":{"service":"cloudresourcemanager.googleapis.com","method":"google.cloudresourcemanager.v1.Projects.TestIamPermissions"}}]}}
[debug] [2024-04-25T03:19:49.986Z] [iam] error while checking permissions, command may fail: FirebaseError: HTTP Error: 401, Request had invalid authentication credentials. Expected OAuth 2 access token, login cookie or other valid authentication credential. See https://developers.google.com/identity/sign-in/web/devconsole-project.
[debug] [2024-04-25T03:19:49.988Z] > refreshing access token with scopes: []
[debug] [2024-04-25T03:19:49.989Z] >>> [apiv2][query] POST https://www.googleapis.com/oauth2/v3/token [none]
[debug] [2024-04-25T03:19:49.989Z] >>> [apiv2][body] POST https://www.googleapis.com/oauth2/v3/token [omitted]
[debug] [2024-04-25T03:19:50.062Z] <<< [apiv2][status] POST https://www.googleapis.com/oauth2/v3/token 400
[debug] [2024-04-25T03:19:50.063Z] <<< [apiv2][body] POST https://www.googleapis.com/oauth2/v3/token [omitted]
[debug] [2024-04-25T03:19:50.063Z] >>> [apiv2][query] GET https://firebase.googleapis.com/v1beta1/projects/app-didactic-evaluations [none]
[debug] [2024-04-25T03:19:50.245Z] <<< [apiv2][status] GET https://firebase.googleapis.com/v1beta1/projects/app-didactic-evaluations 401
[debug] [2024-04-25T03:19:50.245Z] <<< [apiv2][body] GET https://firebase.googleapis.com/v1beta1/projects/app-didactic-evaluations {"error":{"code":401,"message":"Request had invalid authentication credentials. Expected OAuth 2 access token, login cookie or other valid authentication credential. See https://developers.google.com/identity/sign-in/web/devconsole-project.","status":"UNAUTHENTICATED"}}
[debug] [2024-04-25T03:19:50.246Z] HTTP Error: 401, Request had invalid authentication credentials. Expected OAuth 2 access token, login cookie or other valid authentication credential. See https://developers.google.com/identity/sign-in/web/devconsole-project.
[error] 
[error] Error: Assertion failed: resolving hosting target of a site with no site name or target name. This should have caused an error earlier
